INFO:root:escrita linha "Como vender integrações: casa de praia"  na linha 1
INFO:root:escrita linha "Varejo: conheça RC 4000"  na linha 2
INFO:root:escrita linha "Varejo: Conheça RC 4100"  na linha 3
INFO:root:escrita linha "Conheça RC 3002 G2"  na linha 4
INFO:root:escrita linha "Workshops Ao vivo"  na linha 5
INFO:root:escrita linha "Varejo: Conheça ICW 4002"  na linha 6
INFO:root:escrita linha "Varejo: Apresentação ICW 4002"  na linha 7
INFO:root:escrita linha "Portfólio: Sistema de migração para TV via satélite"  na linha 8
INFO:root:escrita linha "Varejo: apresentação SAT 800"  na linha 9
INFO:root:escrita linha "Técnico: instalação de antenas parabólicas"  na linha 10
INFO:root:escrita linha "Portfólio: Telefones IP"  na linha 11
INFO:root:escrita linha "Portfólio: rádios profissionais"  na linha 12
INFO:root:escrita linha "Técnico: Rádios profissionais Série 7 - Funções básicas"  na linha 13
INFO:root:escrita linha "Portfólio: Wide Chat"  na linha 14
INFO:root:escrita linha "Portfólio: gateways de voz"  na linha 15
INFO:root:escrita linha "Técnico: funções Wide Cloud"  na linha 16
INFO:root:escrita linha "Técnico: rádios profissionais - Funções especiais"  na linha 17
INFO:root:escrita linha "Técnico: rádios profissionais - Configurações básicas"  na linha 18
INFO:root:escrita linha "Técnico: Wide Chat, chat bot com IA"  na linha 19
INFO:root:escrita linha "Portfólio: centrais UnniTI"  na linha 20
INFO:root:escrita linha "Fundamentos: rádio comunicação"  na linha 21
INFO:root:escrita linha "Portfólio: PABX em nuvem para o mercado de CFTV IP"  na linha 22
INFO:root:escrita linha "Portfólio: migração para telefonia IP"  na linha 23
INFO:root:escrita linha "Técnico: funções para call center com Wide Cloud"  na linha 24
INFO:root:escrita linha "Técnico: funções básicas Wide Cloud - Parte 2"  na linha 25
INFO:root:escrita linha "Técnico: funções básicas Wide Cloud - Parte 1"  na linha 26
INFO:root:escrita linha "Portfólio: CAP 100 e EVC 300 para videoconferência"  na linha 27
INFO:root:escrita linha "Portfólio: Wide Cloud - PABX em nuvem"  na linha 28
INFO:root:escrita linha "Portfólio: Gateway FXS e FXO"  na linha 29
INFO:root:escrita linha "Recertificação: placa ICIP e suas tecnologias"  na linha 30
INFO:root:escrita linha "Técnico: programações básicas UnniTI"  na linha 31
INFO:root:escrita linha "Portfólio: sistema de comunicação Minicom"  na linha 32
INFO:root:escrita linha "Portfólio: software de tarifação Controller"  na linha 33
INFO:root:   Segmento                                             Cursos                                              Links
0       Com          "Como vender integrações: casa de praia"   https://cursos.intelbras.com.br/portal/layout/...
1       Com                         "Varejo: conheça RC 4000"   https://cursos.intelbras.com.br/portal/layout/...
2       Com                         "Varejo: Conheça RC 4100"   https://cursos.intelbras.com.br/portal/layout/...
3       Com                              "Conheça RC 3002 G2"   https://cursos.intelbras.com.br/portal/layout/...
4       Com                               "Workshops Ao vivo"   https://cursos.intelbras.com.br/portal/layout/...
5       Com                        "Varejo: Conheça ICW 4002"   https://cursos.intelbras.com.br/portal/layout/...
6       Com                   "Varejo: Apresentação ICW 4002"   https://cursos.intelbras.com.br/portal/layout/...
7       Com  "Portfólio: Sistema de migração para TV via sa...  https://cursos.intelbras.com.br/portal/layout/...
8       Com                    "Varejo: apresentação SAT 800"   https://cursos.intelbras.com.br/portal/layout/...
9       Com      "Técnico: instalação de antenas parabólicas"   https://cursos.intelbras.com.br/portal/layout/...
10      Com                         "Portfólio: Telefones IP"   https://cursos.intelbras.com.br/portal/layout/...
11      Com                 "Portfólio: rádios profissionais"   https://cursos.intelbras.com.br/portal/layout/...
12      Com  "Técnico: Rádios profissionais Série 7 - Funçõ...  https://cursos.intelbras.com.br/portal/layout/...
13      Com                            "Portfólio: Wide Chat"   https://cursos.intelbras.com.br/portal/layout/...
14      Com                      "Portfólio: gateways de voz"   https://cursos.intelbras.com.br/portal/layout/...
15      Com                     "Técnico: funções Wide Cloud"   https://cursos.intelbras.com.br/portal/layout/...
16      Com  "Técnico: rádios profissionais - Funções espec...  https://cursos.intelbras.com.br/portal/layout/...
17      Com  "Técnico: rádios profissionais - Configurações...  https://cursos.intelbras.com.br/portal/layout/...
18      Com             "Técnico: Wide Chat, chat bot com IA"   https://cursos.intelbras.com.br/portal/layout/...
19      Com                      "Portfólio: centrais UnniTI"   https://cursos.intelbras.com.br/portal/layout/...
20      Com                  "Fundamentos: rádio comunicação"   https://cursos.intelbras.com.br/portal/layout/...
21      Com  "Portfólio: PABX em nuvem para o mercado de CF...  https://cursos.intelbras.com.br/portal/layout/...
22      Com           "Portfólio: migração para telefonia IP"   https://cursos.intelbras.com.br/portal/layout/...
23      Com  "Técnico: funções para call center com Wide Cl...  https://cursos.intelbras.com.br/portal/layout/...
24      Com   "Técnico: funções básicas Wide Cloud - Parte 2"   https://cursos.intelbras.com.br/portal/layout/...
25      Com   "Técnico: funções básicas Wide Cloud - Parte 1"   https://cursos.intelbras.com.br/portal/layout/...
26      Com  "Portfólio: CAP 100 e EVC 300 para videoconfer...  https://cursos.intelbras.com.br/portal/layout/...
27      Com           "Portfólio: Wide Cloud - PABX em nuvem"   https://cursos.intelbras.com.br/portal/layout/...
28      Com                    "Portfólio: Gateway FXS e FXO"   https://cursos.intelbras.com.br/portal/layout/...
29      Com   "Recertificação: placa ICIP e suas tecnologias"   https://cursos.intelbras.com.br/portal/layout/...
30      Com            "Técnico: programações básicas UnniTI"   https://cursos.intelbras.com.br/portal/layout/...
31      Com       "Portfólio: sistema de comunicação Minicom"   https://cursos.intelbras.com.br/portal/layout/...
32      Com     "Portfólio: software de tarifação Controller"   https://cursos.intelbras.com.br/portal/layout/...
INFO:root:escrita linha "Como vender integrações: casa de praia"  na linha 1
INFO:root:escrita linha "Varejo: conheça RC 4000"  na linha 2
INFO:root:escrita linha "Varejo: Conheça RC 4100"  na linha 3
INFO:root:escrita linha "Conheça RC 3002 G2"  na linha 4
INFO:root:escrita linha "Workshops Ao vivo"  na linha 5
INFO:root:escrita linha "Varejo: Conheça ICW 4002"  na linha 6
INFO:root:escrita linha "Varejo: Apresentação ICW 4002"  na linha 7
INFO:root:escrita linha "Portfólio: Sistema de migração para TV via satélite"  na linha 8
INFO:root:escrita linha "Varejo: apresentação SAT 800"  na linha 9
INFO:root:escrita linha "Técnico: instalação de antenas parabólicas"  na linha 10
INFO:root:escrita linha "Portfólio: Telefones IP"  na linha 11
INFO:root:escrita linha "Portfólio: rádios profissionais"  na linha 12
INFO:root:escrita linha "Técnico: Rádios profissionais Série 7 - Funções básicas"  na linha 13
INFO:root:escrita linha "Portfólio: Wide Chat"  na linha 14
INFO:root:escrita linha "Portfólio: gateways de voz"  na linha 15
INFO:root:escrita linha "Técnico: funções Wide Cloud"  na linha 16
INFO:root:escrita linha "Técnico: rádios profissionais - Funções especiais"  na linha 17
INFO:root:escrita linha "Técnico: rádios profissionais - Configurações básicas"  na linha 18
INFO:root:escrita linha "Técnico: Wide Chat, chat bot com IA"  na linha 19
INFO:root:   Segmento                                             Cursos                                              Links
0        vv          "Como vender integrações: casa de praia"   https://cursos.intelbras.com.br/portal/layout/...
1        vv                         "Varejo: conheça RC 4000"   https://cursos.intelbras.com.br/portal/layout/...
2        vv                         "Varejo: Conheça RC 4100"   https://cursos.intelbras.com.br/portal/layout/...
3        vv                              "Conheça RC 3002 G2"   https://cursos.intelbras.com.br/portal/layout/...
4        vv                               "Workshops Ao vivo"   https://cursos.intelbras.com.br/portal/layout/...
5        vv                        "Varejo: Conheça ICW 4002"   https://cursos.intelbras.com.br/portal/layout/...
6        vv                   "Varejo: Apresentação ICW 4002"   https://cursos.intelbras.com.br/portal/layout/...
7        vv  "Portfólio: Sistema de migração para TV via sa...  https://cursos.intelbras.com.br/portal/layout/...
8        vv                    "Varejo: apresentação SAT 800"   https://cursos.intelbras.com.br/portal/layout/...
9        vv      "Técnico: instalação de antenas parabólicas"   https://cursos.intelbras.com.br/portal/layout/...
10       vv                         "Portfólio: Telefones IP"   https://cursos.intelbras.com.br/portal/layout/...
11       vv                 "Portfólio: rádios profissionais"   https://cursos.intelbras.com.br/portal/layout/...
12       vv  "Técnico: Rádios profissionais Série 7 - Funçõ...  https://cursos.intelbras.com.br/portal/layout/...
13       vv                            "Portfólio: Wide Chat"   https://cursos.intelbras.com.br/portal/layout/...
14       vv                      "Portfólio: gateways de voz"   https://cursos.intelbras.com.br/portal/layout/...
15       vv                     "Técnico: funções Wide Cloud"   https://cursos.intelbras.com.br/portal/layout/...
16       vv  "Técnico: rádios profissionais - Funções espec...  https://cursos.intelbras.com.br/portal/layout/...
17       vv  "Técnico: rádios profissionais - Configurações...  https://cursos.intelbras.com.br/portal/layout/...
18       vv             "Técnico: Wide Chat, chat bot com IA"   https://cursos.intelbras.com.br/portal/layout/...
INFO:root:escrita linha "Como vender integrações: casa de praia"  na linha 1
INFO:root:escrita linha "Varejo: conheça RC 4000"  na linha 2
INFO:root:escrita linha "Varejo: Conheça RC 4100"  na linha 3
INFO:root:escrita linha "Conheça RC 3002 G2"  na linha 4
INFO:root:escrita linha "Workshops Ao vivo"  na linha 5
INFO:root:escrita linha "Varejo: Conheça ICW 4002"  na linha 6
INFO:root:escrita linha "Varejo: Apresentação ICW 4002"  na linha 7
INFO:root:escrita linha "Portfólio: Sistema de migração para TV via satélite"  na linha 8
INFO:root:escrita linha "Varejo: apresentação SAT 800"  na linha 9
INFO:root:escrita linha "Técnico: instalação de antenas parabólicas"  na linha 10
INFO:root:escrita linha "Portfólio: Telefones IP"  na linha 11
INFO:root:escrita linha "Portfólio: rádios profissionais"  na linha 12
INFO:root:escrita linha "Técnico: Rádios profissionais Série 7 - Funções básicas"  na linha 13
INFO:root:escrita linha "Portfólio: Wide Chat"  na linha 14
INFO:root:escrita linha "Portfólio: gateways de voz"  na linha 15
INFO:root:escrita linha "Técnico: funções Wide Cloud"  na linha 16
INFO:root:escrita linha "Técnico: rádios profissionais - Funções especiais"  na linha 17
INFO:root:escrita linha "Técnico: rádios profissionais - Configurações básicas"  na linha 18
INFO:root:escrita linha "Técnico: Wide Chat, chat bot com IA"  na linha 19
INFO:root:   Segmento                                             Cursos                                              Links
0         n          "Como vender integrações: casa de praia"   https://cursos.intelbras.com.br/portal/layout/...
1         n                         "Varejo: conheça RC 4000"   https://cursos.intelbras.com.br/portal/layout/...
2         n                         "Varejo: Conheça RC 4100"   https://cursos.intelbras.com.br/portal/layout/...
3         n                              "Conheça RC 3002 G2"   https://cursos.intelbras.com.br/portal/layout/...
4         n                               "Workshops Ao vivo"   https://cursos.intelbras.com.br/portal/layout/...
5         n                        "Varejo: Conheça ICW 4002"   https://cursos.intelbras.com.br/portal/layout/...
6         n                   "Varejo: Apresentação ICW 4002"   https://cursos.intelbras.com.br/portal/layout/...
7         n  "Portfólio: Sistema de migração para TV via sa...  https://cursos.intelbras.com.br/portal/layout/...
8         n                    "Varejo: apresentação SAT 800"   https://cursos.intelbras.com.br/portal/layout/...
9         n      "Técnico: instalação de antenas parabólicas"   https://cursos.intelbras.com.br/portal/layout/...
10        n                         "Portfólio: Telefones IP"   https://cursos.intelbras.com.br/portal/layout/...
11        n                 "Portfólio: rádios profissionais"   https://cursos.intelbras.com.br/portal/layout/...
12        n  "Técnico: Rádios profissionais Série 7 - Funçõ...  https://cursos.intelbras.com.br/portal/layout/...
13        n                            "Portfólio: Wide Chat"   https://cursos.intelbras.com.br/portal/layout/...
14        n                      "Portfólio: gateways de voz"   https://cursos.intelbras.com.br/portal/layout/...
15        n                     "Técnico: funções Wide Cloud"   https://cursos.intelbras.com.br/portal/layout/...
16        n  "Técnico: rádios profissionais - Funções espec...  https://cursos.intelbras.com.br/portal/layout/...
17        n  "Técnico: rádios profissionais - Configurações...  https://cursos.intelbras.com.br/portal/layout/...
18        n             "Técnico: Wide Chat, chat bot com IA"   https://cursos.intelbras.com.br/portal/layout/...
INFO:root:escrita linha "Como vender integrações: casa de praia"  na linha 1
INFO:root:escrita linha "Varejo: conheça RC 4000"  na linha 2
INFO:root:escrita linha "Varejo: Conheça RC 4100"  na linha 3
INFO:root:escrita linha "Conheça RC 3002 G2"  na linha 4
INFO:root:escrita linha "Workshops Ao vivo"  na linha 5
INFO:root:escrita linha "Varejo: Conheça ICW 4002"  na linha 6
INFO:root:escrita linha "Varejo: Apresentação ICW 4002"  na linha 7
INFO:root:escrita linha "Portfólio: Sistema de migração para TV via satélite"  na linha 8
INFO:root:escrita linha "Varejo: apresentação SAT 800"  na linha 9
INFO:root:escrita linha "Técnico: instalação de antenas parabólicas"  na linha 10
INFO:root:escrita linha "Portfólio: Telefones IP"  na linha 11
INFO:root:escrita linha "Portfólio: rádios profissionais"  na linha 12
INFO:root:escrita linha "Técnico: Rádios profissionais Série 7 - Funções básicas"  na linha 13
INFO:root:escrita linha "Portfólio: Wide Chat"  na linha 14
INFO:root:escrita linha "Portfólio: gateways de voz"  na linha 15
INFO:root:escrita linha "Técnico: funções Wide Cloud"  na linha 16
INFO:root:escrita linha "Técnico: rádios profissionais - Funções especiais"  na linha 17
INFO:root:escrita linha "Técnico: rádios profissionais - Configurações básicas"  na linha 18
INFO:root:escrita linha "Técnico: Wide Chat, chat bot com IA"  na linha 19
INFO:root:   Segmento                                             Cursos                                              Links
0         v          "Como vender integrações: casa de praia"   https://cursos.intelbras.com.br/portal/layout/...
1         v                         "Varejo: conheça RC 4000"   https://cursos.intelbras.com.br/portal/layout/...
2         v                         "Varejo: Conheça RC 4100"   https://cursos.intelbras.com.br/portal/layout/...
3         v                              "Conheça RC 3002 G2"   https://cursos.intelbras.com.br/portal/layout/...
4         v                               "Workshops Ao vivo"   https://cursos.intelbras.com.br/portal/layout/...
5         v                        "Varejo: Conheça ICW 4002"   https://cursos.intelbras.com.br/portal/layout/...
6         v                   "Varejo: Apresentação ICW 4002"   https://cursos.intelbras.com.br/portal/layout/...
7         v  "Portfólio: Sistema de migração para TV via sa...  https://cursos.intelbras.com.br/portal/layout/...
8         v                    "Varejo: apresentação SAT 800"   https://cursos.intelbras.com.br/portal/layout/...
9         v      "Técnico: instalação de antenas parabólicas"   https://cursos.intelbras.com.br/portal/layout/...
10        v                         "Portfólio: Telefones IP"   https://cursos.intelbras.com.br/portal/layout/...
11        v                 "Portfólio: rádios profissionais"   https://cursos.intelbras.com.br/portal/layout/...
12        v  "Técnico: Rádios profissionais Série 7 - Funçõ...  https://cursos.intelbras.com.br/portal/layout/...
13        v                            "Portfólio: Wide Chat"   https://cursos.intelbras.com.br/portal/layout/...
14        v                      "Portfólio: gateways de voz"   https://cursos.intelbras.com.br/portal/layout/...
15        v                     "Técnico: funções Wide Cloud"   https://cursos.intelbras.com.br/portal/layout/...
16        v  "Técnico: rádios profissionais - Funções espec...  https://cursos.intelbras.com.br/portal/layout/...
17        v  "Técnico: rádios profissionais - Configurações...  https://cursos.intelbras.com.br/portal/layout/...
18        v             "Técnico: Wide Chat, chat bot com IA"   https://cursos.intelbras.com.br/portal/layout/...
INFO:root:escrita linha "Como vender integrações: casa de praia"  na linha 1
INFO:root:escrita linha "Varejo: conheça RC 4000"  na linha 2
INFO:root:escrita linha "Varejo: Conheça RC 4100"  na linha 3
INFO:root:escrita linha "Conheça RC 3002 G2"  na linha 4
INFO:root:escrita linha "Workshops Ao vivo"  na linha 5
INFO:root:escrita linha "Varejo: Conheça ICW 4002"  na linha 6
INFO:root:escrita linha "Varejo: Apresentação ICW 4002"  na linha 7
INFO:root:escrita linha "Portfólio: Sistema de migração para TV via satélite"  na linha 8
INFO:root:escrita linha "Varejo: apresentação SAT 800"  na linha 9
INFO:root:escrita linha "Técnico: instalação de antenas parabólicas"  na linha 10
INFO:root:escrita linha "Portfólio: Telefones IP"  na linha 11
INFO:root:escrita linha "Portfólio: rádios profissionais"  na linha 12
INFO:root:escrita linha "Técnico: Rádios profissionais Série 7 - Funções básicas"  na linha 13
INFO:root:escrita linha "Portfólio: Wide Chat"  na linha 14
INFO:root:escrita linha "Portfólio: gateways de voz"  na linha 15
INFO:root:escrita linha "Técnico: funções Wide Cloud"  na linha 16
INFO:root:escrita linha "Técnico: rádios profissionais - Funções especiais"  na linha 17
INFO:root:escrita linha "Técnico: rádios profissionais - Configurações básicas"  na linha 18
INFO:root:escrita linha "Técnico: Wide Chat, chat bot com IA"  na linha 19
INFO:root:   Segmento                                             Cursos                                              Links
0         o          "Como vender integrações: casa de praia"   https://cursos.intelbras.com.br/portal/layout/...
1         o                         "Varejo: conheça RC 4000"   https://cursos.intelbras.com.br/portal/layout/...
2         o                         "Varejo: Conheça RC 4100"   https://cursos.intelbras.com.br/portal/layout/...
3         o                              "Conheça RC 3002 G2"   https://cursos.intelbras.com.br/portal/layout/...
4         o                               "Workshops Ao vivo"   https://cursos.intelbras.com.br/portal/layout/...
5         o                        "Varejo: Conheça ICW 4002"   https://cursos.intelbras.com.br/portal/layout/...
6         o                   "Varejo: Apresentação ICW 4002"   https://cursos.intelbras.com.br/portal/layout/...
7         o  "Portfólio: Sistema de migração para TV via sa...  https://cursos.intelbras.com.br/portal/layout/...
8         o                    "Varejo: apresentação SAT 800"   https://cursos.intelbras.com.br/portal/layout/...
9         o      "Técnico: instalação de antenas parabólicas"   https://cursos.intelbras.com.br/portal/layout/...
10        o                         "Portfólio: Telefones IP"   https://cursos.intelbras.com.br/portal/layout/...
11        o                 "Portfólio: rádios profissionais"   https://cursos.intelbras.com.br/portal/layout/...
12        o  "Técnico: Rádios profissionais Série 7 - Funçõ...  https://cursos.intelbras.com.br/portal/layout/...
13        o                            "Portfólio: Wide Chat"   https://cursos.intelbras.com.br/portal/layout/...
14        o                      "Portfólio: gateways de voz"   https://cursos.intelbras.com.br/portal/layout/...
15        o                     "Técnico: funções Wide Cloud"   https://cursos.intelbras.com.br/portal/layout/...
16        o  "Técnico: rádios profissionais - Funções espec...  https://cursos.intelbras.com.br/portal/layout/...
17        o  "Técnico: rádios profissionais - Configurações...  https://cursos.intelbras.com.br/portal/layout/...
18        o             "Técnico: Wide Chat, chat bot com IA"   https://cursos.intelbras.com.br/portal/layout/...
INFO:root:escrita linha "Como vender integrações: casa de praia"  na linha 1
INFO:root:escrita linha "Varejo: conheça RC 4000"  na linha 2
INFO:root:escrita linha "Varejo: Conheça RC 4100"  na linha 3
INFO:root:escrita linha "Conheça RC 3002 G2"  na linha 4
INFO:root:escrita linha "Workshops Ao vivo"  na linha 5
INFO:root:escrita linha "Varejo: Conheça ICW 4002"  na linha 6
INFO:root:escrita linha "Varejo: Apresentação ICW 4002"  na linha 7
INFO:root:escrita linha "Portfólio: Sistema de migração para TV via satélite"  na linha 8
INFO:root:escrita linha "Varejo: apresentação SAT 800"  na linha 9
INFO:root:escrita linha "Técnico: instalação de antenas parabólicas"  na linha 10
INFO:root:escrita linha "Portfólio: Telefones IP"  na linha 11
INFO:root:escrita linha "Portfólio: rádios profissionais"  na linha 12
INFO:root:escrita linha "Técnico: Rádios profissionais Série 7 - Funções básicas"  na linha 13
INFO:root:escrita linha "Portfólio: Wide Chat"  na linha 14
INFO:root:escrita linha "Portfólio: gateways de voz"  na linha 15
INFO:root:escrita linha "Técnico: funções Wide Cloud"  na linha 16
INFO:root:escrita linha "Técnico: rádios profissionais - Funções especiais"  na linha 17
INFO:root:escrita linha "Técnico: rádios profissionais - Configurações básicas"  na linha 18
INFO:root:escrita linha "Técnico: Wide Chat, chat bot com IA"  na linha 19
INFO:root:   Segmento                                             Cursos                                              Links
0         b          "Como vender integrações: casa de praia"   https://cursos.intelbras.com.br/portal/layout/...
1         b                         "Varejo: conheça RC 4000"   https://cursos.intelbras.com.br/portal/layout/...
2         b                         "Varejo: Conheça RC 4100"   https://cursos.intelbras.com.br/portal/layout/...
3         b                              "Conheça RC 3002 G2"   https://cursos.intelbras.com.br/portal/layout/...
4         b                               "Workshops Ao vivo"   https://cursos.intelbras.com.br/portal/layout/...
5         b                        "Varejo: Conheça ICW 4002"   https://cursos.intelbras.com.br/portal/layout/...
6         b                   "Varejo: Apresentação ICW 4002"   https://cursos.intelbras.com.br/portal/layout/...
7         b  "Portfólio: Sistema de migração para TV via sa...  https://cursos.intelbras.com.br/portal/layout/...
8         b                    "Varejo: apresentação SAT 800"   https://cursos.intelbras.com.br/portal/layout/...
9         b      "Técnico: instalação de antenas parabólicas"   https://cursos.intelbras.com.br/portal/layout/...
10        b                         "Portfólio: Telefones IP"   https://cursos.intelbras.com.br/portal/layout/...
11        b                 "Portfólio: rádios profissionais"   https://cursos.intelbras.com.br/portal/layout/...
12        b  "Técnico: Rádios profissionais Série 7 - Funçõ...  https://cursos.intelbras.com.br/portal/layout/...
13        b                            "Portfólio: Wide Chat"   https://cursos.intelbras.com.br/portal/layout/...
14        b                      "Portfólio: gateways de voz"   https://cursos.intelbras.com.br/portal/layout/...
15        b                     "Técnico: funções Wide Cloud"   https://cursos.intelbras.com.br/portal/layout/...
16        b  "Técnico: rádios profissionais - Funções espec...  https://cursos.intelbras.com.br/portal/layout/...
17        b  "Técnico: rádios profissionais - Configurações...  https://cursos.intelbras.com.br/portal/layout/...
18        b             "Técnico: Wide Chat, chat bot com IA"   https://cursos.intelbras.com.br/portal/layout/...
INFO:root:escrita linha "Como vender integrações: casa de praia"  na linha 1
INFO:root:escrita linha "Varejo: conheça RC 4000"  na linha 2
INFO:root:escrita linha "Varejo: Conheça RC 4100"  na linha 3
INFO:root:escrita linha "Conheça RC 3002 G2"  na linha 4
INFO:root:escrita linha "Workshops Ao vivo"  na linha 5
INFO:root:escrita linha "Varejo: Conheça ICW 4002"  na linha 6
INFO:root:escrita linha "Varejo: Apresentação ICW 4002"  na linha 7
INFO:root:escrita linha "Portfólio: Sistema de migração para TV via satélite"  na linha 8
INFO:root:escrita linha "Varejo: apresentação SAT 800"  na linha 9
INFO:root:escrita linha "Técnico: instalação de antenas parabólicas"  na linha 10
INFO:root:escrita linha "Portfólio: Telefones IP"  na linha 11
INFO:root:escrita linha "Portfólio: rádios profissionais"  na linha 12
INFO:root:escrita linha "Técnico: Rádios profissionais Série 7 - Funções básicas"  na linha 13
INFO:root:escrita linha "Portfólio: Wide Chat"  na linha 14
INFO:root:escrita linha "Portfólio: gateways de voz"  na linha 15
INFO:root:escrita linha "Técnico: funções Wide Cloud"  na linha 16
INFO:root:escrita linha "Técnico: rádios profissionais - Funções especiais"  na linha 17
INFO:root:escrita linha "Técnico: rádios profissionais - Configurações básicas"  na linha 18
INFO:root:escrita linha "Técnico: Wide Chat, chat bot com IA"  na linha 19
INFO:root:   Segmento                                             Cursos                                              Links
0         l          "Como vender integrações: casa de praia"   https://cursos.intelbras.com.br/portal/layout/...
1         l                         "Varejo: conheça RC 4000"   https://cursos.intelbras.com.br/portal/layout/...
2         l                         "Varejo: Conheça RC 4100"   https://cursos.intelbras.com.br/portal/layout/...
3         l                              "Conheça RC 3002 G2"   https://cursos.intelbras.com.br/portal/layout/...
4         l                               "Workshops Ao vivo"   https://cursos.intelbras.com.br/portal/layout/...
5         l                        "Varejo: Conheça ICW 4002"   https://cursos.intelbras.com.br/portal/layout/...
6         l                   "Varejo: Apresentação ICW 4002"   https://cursos.intelbras.com.br/portal/layout/...
7         l  "Portfólio: Sistema de migração para TV via sa...  https://cursos.intelbras.com.br/portal/layout/...
8         l                    "Varejo: apresentação SAT 800"   https://cursos.intelbras.com.br/portal/layout/...
9         l      "Técnico: instalação de antenas parabólicas"   https://cursos.intelbras.com.br/portal/layout/...
10        l                         "Portfólio: Telefones IP"   https://cursos.intelbras.com.br/portal/layout/...
11        l                 "Portfólio: rádios profissionais"   https://cursos.intelbras.com.br/portal/layout/...
12        l  "Técnico: Rádios profissionais Série 7 - Funçõ...  https://cursos.intelbras.com.br/portal/layout/...
13        l                            "Portfólio: Wide Chat"   https://cursos.intelbras.com.br/portal/layout/...
14        l                      "Portfólio: gateways de voz"   https://cursos.intelbras.com.br/portal/layout/...
15        l                     "Técnico: funções Wide Cloud"   https://cursos.intelbras.com.br/portal/layout/...
16        l  "Técnico: rádios profissionais - Funções espec...  https://cursos.intelbras.com.br/portal/layout/...
17        l  "Técnico: rádios profissionais - Configurações...  https://cursos.intelbras.com.br/portal/layout/...
18        l             "Técnico: Wide Chat, chat bot com IA"   https://cursos.intelbras.com.br/portal/layout/...
INFO:root:escrita linha "Como vender integrações: casa de praia"  na linha 1
INFO:root:escrita linha "Varejo: conheça RC 4000"  na linha 2
INFO:root:escrita linha "Varejo: Conheça RC 4100"  na linha 3
INFO:root:escrita linha "Conheça RC 3002 G2"  na linha 4
INFO:root:escrita linha "Workshops Ao vivo"  na linha 5
INFO:root:escrita linha "Varejo: Conheça ICW 4002"  na linha 6
INFO:root:escrita linha "Varejo: Apresentação ICW 4002"  na linha 7
INFO:root:escrita linha "Portfólio: Sistema de migração para TV via satélite"  na linha 8
INFO:root:escrita linha "Varejo: apresentação SAT 800"  na linha 9
INFO:root:escrita linha "Técnico: instalação de antenas parabólicas"  na linha 10
INFO:root:escrita linha "Portfólio: Telefones IP"  na linha 11
INFO:root:escrita linha "Portfólio: rádios profissionais"  na linha 12
INFO:root:escrita linha "Técnico: Rádios profissionais Série 7 - Funções básicas"  na linha 13
INFO:root:escrita linha "Portfólio: Wide Chat"  na linha 14
INFO:root:escrita linha "Portfólio: gateways de voz"  na linha 15
INFO:root:escrita linha "Técnico: funções Wide Cloud"  na linha 16
INFO:root:escrita linha "Técnico: rádios profissionais - Funções especiais"  na linha 17
INFO:root:escrita linha "Técnico: rádios profissionais - Configurações básicas"  na linha 18
INFO:root:escrita linha "Técnico: Wide Chat, chat bot com IA"  na linha 19
INFO:root:       Segmento                                             Cursos                                              Links
0   Comunicação          "Como vender integrações: casa de praia"   https://cursos.intelbras.com.br/portal/layout/...
1   Comunicação                         "Varejo: conheça RC 4000"   https://cursos.intelbras.com.br/portal/layout/...
2   Comunicação                         "Varejo: Conheça RC 4100"   https://cursos.intelbras.com.br/portal/layout/...
3   Comunicação                              "Conheça RC 3002 G2"   https://cursos.intelbras.com.br/portal/layout/...
4   Comunicação                               "Workshops Ao vivo"   https://cursos.intelbras.com.br/portal/layout/...
5   Comunicação                        "Varejo: Conheça ICW 4002"   https://cursos.intelbras.com.br/portal/layout/...
6   Comunicação                   "Varejo: Apresentação ICW 4002"   https://cursos.intelbras.com.br/portal/layout/...
7   Comunicação  "Portfólio: Sistema de migração para TV via sa...  https://cursos.intelbras.com.br/portal/layout/...
8   Comunicação                    "Varejo: apresentação SAT 800"   https://cursos.intelbras.com.br/portal/layout/...
9   Comunicação      "Técnico: instalação de antenas parabólicas"   https://cursos.intelbras.com.br/portal/layout/...
10  Comunicação                         "Portfólio: Telefones IP"   https://cursos.intelbras.com.br/portal/layout/...
11  Comunicação                 "Portfólio: rádios profissionais"   https://cursos.intelbras.com.br/portal/layout/...
12  Comunicação  "Técnico: Rádios profissionais Série 7 - Funçõ...  https://cursos.intelbras.com.br/portal/layout/...
13  Comunicação                            "Portfólio: Wide Chat"   https://cursos.intelbras.com.br/portal/layout/...
14  Comunicação                      "Portfólio: gateways de voz"   https://cursos.intelbras.com.br/portal/layout/...
15  Comunicação                     "Técnico: funções Wide Cloud"   https://cursos.intelbras.com.br/portal/layout/...
16  Comunicação  "Técnico: rádios profissionais - Funções espec...  https://cursos.intelbras.com.br/portal/layout/...
17  Comunicação  "Técnico: rádios profissionais - Configurações...  https://cursos.intelbras.com.br/portal/layout/...
18  Comunicação             "Técnico: Wide Chat, chat bot com IA"   https://cursos.intelbras.com.br/portal/layout/...
INFO:root:escrita linha "Como vender integrações: casa de praia"  na linha 1
INFO:root:escrita linha "Varejo: conheça RC 4000"  na linha 2
INFO:root:escrita linha "Varejo: Conheça RC 4100"  na linha 3
INFO:root:escrita linha "Conheça RC 3002 G2"  na linha 4
INFO:root:escrita linha "Workshops Ao vivo"  na linha 5
INFO:root:escrita linha "Varejo: Conheça ICW 4002"  na linha 6
INFO:root:escrita linha "Varejo: Apresentação ICW 4002"  na linha 7
INFO:root:escrita linha "Portfólio: Sistema de migração para TV via satélite"  na linha 8
INFO:root:escrita linha "Varejo: apresentação SAT 800"  na linha 9
INFO:root:escrita linha "Técnico: instalação de antenas parabólicas"  na linha 10
INFO:root:escrita linha "Portfólio: Telefones IP"  na linha 11
INFO:root:escrita linha "Portfólio: rádios profissionais"  na linha 12
INFO:root:escrita linha "Técnico: Rádios profissionais Série 7 - Funções básicas"  na linha 13
INFO:root:escrita linha "Portfólio: Wide Chat"  na linha 14
INFO:root:escrita linha "Portfólio: gateways de voz"  na linha 15
INFO:root:escrita linha "Técnico: funções Wide Cloud"  na linha 16
INFO:root:escrita linha "Técnico: rádios profissionais - Funções especiais"  na linha 17
INFO:root:escrita linha "Técnico: rádios profissionais - Configurações básicas"  na linha 18
INFO:root:escrita linha "Técnico: Wide Chat, chat bot com IA"  na linha 19
INFO:root:       Segmento                                             Cursos                                              Links
0   Comunicação          "Como vender integrações: casa de praia"   https://cursos.intelbras.com.br/portal/layout/...
1   Comunicação                         "Varejo: conheça RC 4000"   https://cursos.intelbras.com.br/portal/layout/...
2   Comunicação                         "Varejo: Conheça RC 4100"   https://cursos.intelbras.com.br/portal/layout/...
3   Comunicação                              "Conheça RC 3002 G2"   https://cursos.intelbras.com.br/portal/layout/...
4   Comunicação                               "Workshops Ao vivo"   https://cursos.intelbras.com.br/portal/layout/...
5   Comunicação                        "Varejo: Conheça ICW 4002"   https://cursos.intelbras.com.br/portal/layout/...
6   Comunicação                   "Varejo: Apresentação ICW 4002"   https://cursos.intelbras.com.br/portal/layout/...
7   Comunicação  "Portfólio: Sistema de migração para TV via sa...  https://cursos.intelbras.com.br/portal/layout/...
8   Comunicação                    "Varejo: apresentação SAT 800"   https://cursos.intelbras.com.br/portal/layout/...
9   Comunicação      "Técnico: instalação de antenas parabólicas"   https://cursos.intelbras.com.br/portal/layout/...
10  Comunicação                         "Portfólio: Telefones IP"   https://cursos.intelbras.com.br/portal/layout/...
11  Comunicação                 "Portfólio: rádios profissionais"   https://cursos.intelbras.com.br/portal/layout/...
12  Comunicação  "Técnico: Rádios profissionais Série 7 - Funçõ...  https://cursos.intelbras.com.br/portal/layout/...
13  Comunicação                            "Portfólio: Wide Chat"   https://cursos.intelbras.com.br/portal/layout/...
14  Comunicação                      "Portfólio: gateways de voz"   https://cursos.intelbras.com.br/portal/layout/...
15  Comunicação                     "Técnico: funções Wide Cloud"   https://cursos.intelbras.com.br/portal/layout/...
16  Comunicação  "Técnico: rádios profissionais - Funções espec...  https://cursos.intelbras.com.br/portal/layout/...
17  Comunicação  "Técnico: rádios profissionais - Configurações...  https://cursos.intelbras.com.br/portal/layout/...
18  Comunicação             "Técnico: Wide Chat, chat bot com IA"   https://cursos.intelbras.com.br/portal/layout/...
INFO:root:escrita linha "Como vender integrações: casa de praia"  na linha 1
INFO:root:escrita linha "Varejo: conheça RC 4000"  na linha 2
INFO:root:escrita linha "Varejo: Conheça RC 4100"  na linha 3
INFO:root:escrita linha "Conheça RC 3002 G2"  na linha 4
INFO:root:escrita linha "Workshops Ao vivo"  na linha 5
INFO:root:escrita linha "Varejo: Conheça ICW 4002"  na linha 6
INFO:root:escrita linha "Varejo: Apresentação ICW 4002"  na linha 7
INFO:root:escrita linha "Portfólio: Sistema de migração para TV via satélite"  na linha 8
INFO:root:escrita linha "Varejo: apresentação SAT 800"  na linha 9
INFO:root:escrita linha "Técnico: instalação de antenas parabólicas"  na linha 10
INFO:root:escrita linha "Portfólio: Telefones IP"  na linha 11
INFO:root:escrita linha "Portfólio: rádios profissionais"  na linha 12
INFO:root:escrita linha "Técnico: Rádios profissionais Série 7 - Funções básicas"  na linha 13
INFO:root:escrita linha "Portfólio: Wide Chat"  na linha 14
INFO:root:escrita linha "Portfólio: gateways de voz"  na linha 15
INFO:root:escrita linha "Técnico: funções Wide Cloud"  na linha 16
INFO:root:escrita linha "Técnico: rádios profissionais - Funções especiais"  na linha 17
INFO:root:escrita linha "Técnico: rádios profissionais - Configurações básicas"  na linha 18
INFO:root:escrita linha "Técnico: Wide Chat, chat bot com IA"  na linha 19
INFO:root:       Segmento                                             Cursos                                              Links
0   Comunicação          "Como vender integrações: casa de praia"   https://cursos.intelbras.com.br/portal/layout/...
1   Comunicação                         "Varejo: conheça RC 4000"   https://cursos.intelbras.com.br/portal/layout/...
2   Comunicação                         "Varejo: Conheça RC 4100"   https://cursos.intelbras.com.br/portal/layout/...
3   Comunicação                              "Conheça RC 3002 G2"   https://cursos.intelbras.com.br/portal/layout/...
4   Comunicação                               "Workshops Ao vivo"   https://cursos.intelbras.com.br/portal/layout/...
5   Comunicação                        "Varejo: Conheça ICW 4002"   https://cursos.intelbras.com.br/portal/layout/...
6   Comunicação                   "Varejo: Apresentação ICW 4002"   https://cursos.intelbras.com.br/portal/layout/...
7   Comunicação  "Portfólio: Sistema de migração para TV via sa...  https://cursos.intelbras.com.br/portal/layout/...
8   Comunicação                    "Varejo: apresentação SAT 800"   https://cursos.intelbras.com.br/portal/layout/...
9   Comunicação      "Técnico: instalação de antenas parabólicas"   https://cursos.intelbras.com.br/portal/layout/...
10  Comunicação                         "Portfólio: Telefones IP"   https://cursos.intelbras.com.br/portal/layout/...
11  Comunicação                 "Portfólio: rádios profissionais"   https://cursos.intelbras.com.br/portal/layout/...
12  Comunicação  "Técnico: Rádios profissionais Série 7 - Funçõ...  https://cursos.intelbras.com.br/portal/layout/...
13  Comunicação                            "Portfólio: Wide Chat"   https://cursos.intelbras.com.br/portal/layout/...
14  Comunicação                      "Portfólio: gateways de voz"   https://cursos.intelbras.com.br/portal/layout/...
15  Comunicação                     "Técnico: funções Wide Cloud"   https://cursos.intelbras.com.br/portal/layout/...
16  Comunicação  "Técnico: rádios profissionais - Funções espec...  https://cursos.intelbras.com.br/portal/layout/...
17  Comunicação  "Técnico: rádios profissionais - Configurações...  https://cursos.intelbras.com.br/portal/layout/...
18  Comunicação             "Técnico: Wide Chat, chat bot com IA"   https://cursos.intelbras.com.br/portal/layout/...
INFO:root:escrita linha "Como vender integrações: casa de praia"  na linha 1
INFO:root:escrita linha "Varejo: conheça RC 4000"  na linha 2
INFO:root:escrita linha "Varejo: Conheça RC 4100"  na linha 3
INFO:root:escrita linha "Conheça RC 3002 G2"  na linha 4
INFO:root:escrita linha "Workshops Ao vivo"  na linha 5
INFO:root:escrita linha "Varejo: Conheça ICW 4002"  na linha 6
INFO:root:escrita linha "Varejo: Apresentação ICW 4002"  na linha 7
INFO:root:escrita linha "Portfólio: Sistema de migração para TV via satélite"  na linha 8
INFO:root:escrita linha "Varejo: apresentação SAT 800"  na linha 9
INFO:root:escrita linha "Técnico: instalação de antenas parabólicas"  na linha 10
INFO:root:escrita linha "Portfólio: Telefones IP"  na linha 11
INFO:root:escrita linha "Portfólio: rádios profissionais"  na linha 12
INFO:root:escrita linha "Técnico: Rádios profissionais Série 7 - Funções básicas"  na linha 13
INFO:root:escrita linha "Portfólio: Wide Chat"  na linha 14
INFO:root:escrita linha "Portfólio: gateways de voz"  na linha 15
INFO:root:escrita linha "Técnico: funções Wide Cloud"  na linha 16
INFO:root:escrita linha "Técnico: rádios profissionais - Funções especiais"  na linha 17
INFO:root:escrita linha "Técnico: rádios profissionais - Configurações básicas"  na linha 18
INFO:root:escrita linha "Técnico: Wide Chat, chat bot com IA"  na linha 19
INFO:root:       Segmento                                             Cursos                                              Links
0   Comunicação          "Como vender integrações: casa de praia"   https://cursos.intelbras.com.br/portal/layout/...
1   Comunicação                         "Varejo: conheça RC 4000"   https://cursos.intelbras.com.br/portal/layout/...
2   Comunicação                         "Varejo: Conheça RC 4100"   https://cursos.intelbras.com.br/portal/layout/...
3   Comunicação                              "Conheça RC 3002 G2"   https://cursos.intelbras.com.br/portal/layout/...
4   Comunicação                               "Workshops Ao vivo"   https://cursos.intelbras.com.br/portal/layout/...
5   Comunicação                        "Varejo: Conheça ICW 4002"   https://cursos.intelbras.com.br/portal/layout/...
6   Comunicação                   "Varejo: Apresentação ICW 4002"   https://cursos.intelbras.com.br/portal/layout/...
7   Comunicação  "Portfólio: Sistema de migração para TV via sa...  https://cursos.intelbras.com.br/portal/layout/...
8   Comunicação                    "Varejo: apresentação SAT 800"   https://cursos.intelbras.com.br/portal/layout/...
9   Comunicação      "Técnico: instalação de antenas parabólicas"   https://cursos.intelbras.com.br/portal/layout/...
10  Comunicação                         "Portfólio: Telefones IP"   https://cursos.intelbras.com.br/portal/layout/...
11  Comunicação                 "Portfólio: rádios profissionais"   https://cursos.intelbras.com.br/portal/layout/...
12  Comunicação  "Técnico: Rádios profissionais Série 7 - Funçõ...  https://cursos.intelbras.com.br/portal/layout/...
13  Comunicação                            "Portfólio: Wide Chat"   https://cursos.intelbras.com.br/portal/layout/...
14  Comunicação                      "Portfólio: gateways de voz"   https://cursos.intelbras.com.br/portal/layout/...
15  Comunicação                     "Técnico: funções Wide Cloud"   https://cursos.intelbras.com.br/portal/layout/...
16  Comunicação  "Técnico: rádios profissionais - Funções espec...  https://cursos.intelbras.com.br/portal/layout/...
17  Comunicação  "Técnico: rádios profissionais - Configurações...  https://cursos.intelbras.com.br/portal/layout/...
18  Comunicação             "Técnico: Wide Chat, chat bot com IA"   https://cursos.intelbras.com.br/portal/layout/...
INFO:root:escrita linha "Como vender integrações: casa de praia"  na linha 1
INFO:root:escrita linha "Varejo: conheça RC 4000"  na linha 2
INFO:root:escrita linha "Varejo: Conheça RC 4100"  na linha 3
INFO:root:escrita linha "Conheça RC 3002 G2"  na linha 4
INFO:root:escrita linha "Workshops Ao vivo"  na linha 5
INFO:root:escrita linha "Varejo: Conheça ICW 4002"  na linha 6
INFO:root:escrita linha "Varejo: Apresentação ICW 4002"  na linha 7
INFO:root:escrita linha "Portfólio: Sistema de migração para TV via satélite"  na linha 8
INFO:root:escrita linha "Varejo: apresentação SAT 800"  na linha 9
INFO:root:escrita linha "Técnico: instalação de antenas parabólicas"  na linha 10
INFO:root:escrita linha "Portfólio: Telefones IP"  na linha 11
INFO:root:escrita linha "Portfólio: rádios profissionais"  na linha 12
INFO:root:escrita linha "Técnico: Rádios profissionais Série 7 - Funções básicas"  na linha 13
INFO:root:escrita linha "Portfólio: Wide Chat"  na linha 14
INFO:root:escrita linha "Portfólio: gateways de voz"  na linha 15
INFO:root:escrita linha "Técnico: funções Wide Cloud"  na linha 16
INFO:root:escrita linha "Técnico: rádios profissionais - Funções especiais"  na linha 17
INFO:root:escrita linha "Técnico: rádios profissionais - Configurações básicas"  na linha 18
INFO:root:escrita linha "Técnico: Wide Chat, chat bot com IA"  na linha 19
INFO:root:       Segmento                                             Cursos                                              Links
0   Comunicação          "Como vender integrações: casa de praia"   https://cursos.intelbras.com.br/portal/layout/...
1   Comunicação                         "Varejo: conheça RC 4000"   https://cursos.intelbras.com.br/portal/layout/...
2   Comunicação                         "Varejo: Conheça RC 4100"   https://cursos.intelbras.com.br/portal/layout/...
3   Comunicação                              "Conheça RC 3002 G2"   https://cursos.intelbras.com.br/portal/layout/...
4   Comunicação                               "Workshops Ao vivo"   https://cursos.intelbras.com.br/portal/layout/...
5   Comunicação                        "Varejo: Conheça ICW 4002"   https://cursos.intelbras.com.br/portal/layout/...
6   Comunicação                   "Varejo: Apresentação ICW 4002"   https://cursos.intelbras.com.br/portal/layout/...
7   Comunicação  "Portfólio: Sistema de migração para TV via sa...  https://cursos.intelbras.com.br/portal/layout/...
8   Comunicação                    "Varejo: apresentação SAT 800"   https://cursos.intelbras.com.br/portal/layout/...
9   Comunicação      "Técnico: instalação de antenas parabólicas"   https://cursos.intelbras.com.br/portal/layout/...
10  Comunicação                         "Portfólio: Telefones IP"   https://cursos.intelbras.com.br/portal/layout/...
11  Comunicação                 "Portfólio: rádios profissionais"   https://cursos.intelbras.com.br/portal/layout/...
12  Comunicação  "Técnico: Rádios profissionais Série 7 - Funçõ...  https://cursos.intelbras.com.br/portal/layout/...
13  Comunicação                            "Portfólio: Wide Chat"   https://cursos.intelbras.com.br/portal/layout/...
14  Comunicação                      "Portfólio: gateways de voz"   https://cursos.intelbras.com.br/portal/layout/...
15  Comunicação                     "Técnico: funções Wide Cloud"   https://cursos.intelbras.com.br/portal/layout/...
16  Comunicação  "Técnico: rádios profissionais - Funções espec...  https://cursos.intelbras.com.br/portal/layout/...
17  Comunicação  "Técnico: rádios profissionais - Configurações...  https://cursos.intelbras.com.br/portal/layout/...
18  Comunicação             "Técnico: Wide Chat, chat bot com IA"   https://cursos.intelbras.com.br/portal/layout/...
INFO:root:escrita linha "Como vender integrações: casa de praia"  na linha 1
INFO:root:escrita linha "Varejo: conheça RC 4000"  na linha 2
INFO:root:escrita linha "Varejo: Conheça RC 4100"  na linha 3
INFO:root:escrita linha "Conheça RC 3002 G2"  na linha 4
INFO:root:escrita linha "Workshops Ao vivo"  na linha 5
INFO:root:escrita linha "Varejo: Conheça ICW 4002"  na linha 6
INFO:root:escrita linha "Varejo: Apresentação ICW 4002"  na linha 7
INFO:root:escrita linha "Portfólio: Sistema de migração para TV via satélite"  na linha 8
INFO:root:escrita linha "Varejo: apresentação SAT 800"  na linha 9
INFO:root:escrita linha "Técnico: instalação de antenas parabólicas"  na linha 10
INFO:root:escrita linha "Portfólio: Telefones IP"  na linha 11
INFO:root:escrita linha "Portfólio: rádios profissionais"  na linha 12
INFO:root:escrita linha "Técnico: Rádios profissionais Série 7 - Funções básicas"  na linha 13
INFO:root:escrita linha "Portfólio: Wide Chat"  na linha 14
INFO:root:escrita linha "Portfólio: gateways de voz"  na linha 15
INFO:root:escrita linha "Técnico: funções Wide Cloud"  na linha 16
INFO:root:escrita linha "Técnico: rádios profissionais - Funções especiais"  na linha 17
INFO:root:escrita linha "Técnico: rádios profissionais - Configurações básicas"  na linha 18
INFO:root:escrita linha "Técnico: Wide Chat, chat bot com IA"  na linha 19
INFO:root:       Segmento                                             Cursos                                              Links
0   Comunicação          "Como vender integrações: casa de praia"   https://cursos.intelbras.com.br/portal/layout/...
1   Comunicação                         "Varejo: conheça RC 4000"   https://cursos.intelbras.com.br/portal/layout/...
2   Comunicação                         "Varejo: Conheça RC 4100"   https://cursos.intelbras.com.br/portal/layout/...
3   Comunicação                              "Conheça RC 3002 G2"   https://cursos.intelbras.com.br/portal/layout/...
4   Comunicação                               "Workshops Ao vivo"   https://cursos.intelbras.com.br/portal/layout/...
5   Comunicação                        "Varejo: Conheça ICW 4002"   https://cursos.intelbras.com.br/portal/layout/...
6   Comunicação                   "Varejo: Apresentação ICW 4002"   https://cursos.intelbras.com.br/portal/layout/...
7   Comunicação  "Portfólio: Sistema de migração para TV via sa...  https://cursos.intelbras.com.br/portal/layout/...
8   Comunicação                    "Varejo: apresentação SAT 800"   https://cursos.intelbras.com.br/portal/layout/...
9   Comunicação      "Técnico: instalação de antenas parabólicas"   https://cursos.intelbras.com.br/portal/layout/...
10  Comunicação                         "Portfólio: Telefones IP"   https://cursos.intelbras.com.br/portal/layout/...
11  Comunicação                 "Portfólio: rádios profissionais"   https://cursos.intelbras.com.br/portal/layout/...
12  Comunicação  "Técnico: Rádios profissionais Série 7 - Funçõ...  https://cursos.intelbras.com.br/portal/layout/...
13  Comunicação                            "Portfólio: Wide Chat"   https://cursos.intelbras.com.br/portal/layout/...
14  Comunicação                      "Portfólio: gateways de voz"   https://cursos.intelbras.com.br/portal/layout/...
15  Comunicação                     "Técnico: funções Wide Cloud"   https://cursos.intelbras.com.br/portal/layout/...
16  Comunicação  "Técnico: rádios profissionais - Funções espec...  https://cursos.intelbras.com.br/portal/layout/...
17  Comunicação  "Técnico: rádios profissionais - Configurações...  https://cursos.intelbras.com.br/portal/layout/...
18  Comunicação             "Técnico: Wide Chat, chat bot com IA"   https://cursos.intelbras.com.br/portal/layout/...
